<?xml version="1.0" encoding="UTF-8"?>
<!-- Generated by org.testng.reporters.JUnitXMLReporter -->
<testsuite ignored="0" hostname="DESKTOP-U8F94J3" failures="1" tests="11" name="Test" time="80.266" errors="0" timestamp="2022-08-17T09:41:13 IST">
  <testcase classname="com.fb.qa.testcases.SignUpTest" name="SignUpPageTitle" time="0.101"/>
  <testcase classname="com.fb.qa.testcases.SignUpTest" name="createNewAccountTest" time="2.048"/>
  <testcase classname="com.fb.qa.testcases.LoginPageTest" name="loginTest" time="2.342"/>
  <testcase classname="com.fb.qa.testcases.LoginPageTest" name="loginTest" time="2.497"/>
  <testcase classname="com.fb.qa.testcases.LoginPageTest" name="loginTest" time="2.231"/>
  <testcase classname="com.fb.qa.testcases.LoginPageTest" name="LoginPageTitle" time="0.013"/>
  <testcase classname="com.fb.qa.testcases.LoginPageTest" name="fbLogoImageTest" time="0.052"/>
  <testcase classname="com.fb.qa.testcases.LoginPageTest" name="loginTest" time="0.265"/>
  <testcase classname="com.fb.qa.testcases.ProfilePageTest" name="verifyHomePageTitleTest" time="4.083"/>
  <testcase classname="com.fb.qa.testcases.ProfilePageTest" name="verifyProfilePageTest" time="4.232"/>
  <testcase classname="com.fb.qa.testcases.HomePageTest" name="verifyHomePageTitleTest" time="4.081">
    <failure type="java.lang.AssertionError" message="expected [Facebook – log in or sign up] but found []">
      <![CDATA[java.lang.AssertionError: expected [Facebook – log in or sign up] but found []
at com.fb.qa.testcases.HomePageTest.verifyHomePageTitleTest(HomePageTest.java:30)
at java.base/java.util.ArrayList.forEach(ArrayList.java:1511)
... Removed 33 stack frames]]>
    </failure>
  </testcase> <!-- verifyHomePageTitleTest -->
</testsuite> <!-- Test -->
